Introduce la capacidad de la tabla: Numero de telefono del contacto: Nombre del contacto: Posicion 0: n=1|ListaEnlazada=(0,Jose)
Posicion 1: n=0|ListaEnlazada=vacia
Posicion 2: n=0|ListaEnlazada=vacia
Posicion 3: n=0|ListaEnlazada=vacia
Posicion 4: n=0|ListaEnlazada=vacia
Numero de telefono del contacto: Nombre del contacto: Posicion 0: n=2|ListaEnlazada=(100000000,Luis),(0,Jose)
Posicion 1: n=0|ListaEnlazada=vacia
Posicion 2: n=0|ListaEnlazada=vacia
Posicion 3: n=0|ListaEnlazada=vacia
Posicion 4: n=0|ListaEnlazada=vacia
Numero de telefono del contacto: Nombre del contacto: Posicion 0: n=3|ListaEnlazada=(200000000,Pedro),(100000000,Luis),(0,Jose)
Posicion 1: n=0|ListaEnlazada=vacia
Posicion 2: n=0|ListaEnlazada=vacia
Posicion 3: n=0|ListaEnlazada=vacia
Posicion 4: n=0|ListaEnlazada=vacia
Numero de telefono del contacto: Nombre del contacto: Posicion 0: n=4|ListaEnlazada=(300000000,Juan),(200000000,Pedro),(100000000,Luis),(0,Jose)
Posicion 1: n=0|ListaEnlazada=vacia
Posicion 2: n=0|ListaEnlazada=vacia
Posicion 3: n=0|ListaEnlazada=vacia
Posicion 4: n=0|ListaEnlazada=vacia
Numero de telefono del contacto: Nombre del contacto: Posicion 0: n=5|ListaEnlazada=(400000000,Maria),(300000000,Juan),(200000000,Pedro),(100000000,Luis),(0,Jose)
Posicion 1: n=0|ListaEnlazada=vacia
Posicion 2: n=0|ListaEnlazada=vacia
Posicion 3: n=0|ListaEnlazada=vacia
Posicion 4: n=0|ListaEnlazada=vacia
Numero de telefono del contacto: Nombre: Jose
Numero de telefono del contacto: Nombre: Luis
Numero de telefono del contacto: Nombre: Pedro
Numero de telefono del contacto: Nombre: Juan
Numero de telefono del contacto: Nombre: Maria
Numero de telefono del contacto El contacto SI esta
Numero de telefono del contacto: Posicion 0: n=4|ListaEnlazada=(400000000,Maria),(300000000,Juan),(200000000,Pedro),(100000000,Luis)
Posicion 1: n=0|ListaEnlazada=vacia
Posicion 2: n=0|ListaEnlazada=vacia
Posicion 3: n=0|ListaEnlazada=vacia
Posicion 4: n=0|ListaEnlazada=vacia
Numero de telefono del contacto El contacto NO esta
Numero de telefono del contacto El contacto SI esta
Numero de telefono del contacto: Posicion 0: n=3|ListaEnlazada=(400000000,Maria),(300000000,Juan),(200000000,Pedro)
Posicion 1: n=0|ListaEnlazada=vacia
Posicion 2: n=0|ListaEnlazada=vacia
Posicion 3: n=0|ListaEnlazada=vacia
Posicion 4: n=0|ListaEnlazada=vacia
Numero de telefono del contacto El contacto NO esta
Numero de telefono del contacto El contacto SI esta
Numero de telefono del contacto: Posicion 0: n=2|ListaEnlazada=(400000000,Maria),(300000000,Juan)
Posicion 1: n=0|ListaEnlazada=vacia
Posicion 2: n=0|ListaEnlazada=vacia
Posicion 3: n=0|ListaEnlazada=vacia
Posicion 4: n=0|ListaEnlazada=vacia
Numero de telefono del contacto El contacto NO esta
Numero de telefono del contacto El contacto SI esta
Numero de telefono del contacto: Posicion 0: n=1|ListaEnlazada=(400000000,Maria)
Posicion 1: n=0|ListaEnlazada=vacia
Posicion 2: n=0|ListaEnlazada=vacia
Posicion 3: n=0|ListaEnlazada=vacia
Posicion 4: n=0|ListaEnlazada=vacia
Numero de telefono del contacto El contacto NO esta
Numero de telefono del contacto El contacto SI esta
Numero de telefono del contacto: Posicion 0: n=0|ListaEnlazada=vacia
Posicion 1: n=0|ListaEnlazada=vacia
Posicion 2: n=0|ListaEnlazada=vacia
Posicion 3: n=0|ListaEnlazada=vacia
Posicion 4: n=0|ListaEnlazada=vacia
Numero de telefono del contacto El contacto NO esta
