Introduce la capacidad de la tabla: Numero de telefono del contacto: Nombre del contacto: Posicion 0: n=1|ListaEnlazada=(600000000,Jose)
Posicion 1: n=0|ListaEnlazada=vacia
Posicion 2: n=0|ListaEnlazada=vacia
Posicion 3: n=0|ListaEnlazada=vacia
Posicion 4: n=0|ListaEnlazada=vacia
Posicion 5: n=0|ListaEnlazada=vacia
Posicion 6: n=0|ListaEnlazada=vacia
Posicion 7: n=0|ListaEnlazada=vacia
Posicion 8: n=0|ListaEnlazada=vacia
Posicion 9: n=0|ListaEnlazada=vacia
Numero de telefono del contacto: Nombre del contacto: Posicion 0: n=1|ListaEnlazada=(600000000,Jose)
Posicion 1: n=1|ListaEnlazada=(600000001,Luis)
Posicion 2: n=0|ListaEnlazada=vacia
Posicion 3: n=0|ListaEnlazada=vacia
Posicion 4: n=0|ListaEnlazada=vacia
Posicion 5: n=0|ListaEnlazada=vacia
Posicion 6: n=0|ListaEnlazada=vacia
Posicion 7: n=0|ListaEnlazada=vacia
Posicion 8: n=0|ListaEnlazada=vacia
Posicion 9: n=0|ListaEnlazada=vacia
Numero de telefono del contacto: Nombre del contacto: Posicion 0: n=1|ListaEnlazada=(600000000,Jose)
Posicion 1: n=1|ListaEnlazada=(600000001,Luis)
Posicion 2: n=1|ListaEnlazada=(600000002,Pedro)
Posicion 3: n=0|ListaEnlazada=vacia
Posicion 4: n=0|ListaEnlazada=vacia
Posicion 5: n=0|ListaEnlazada=vacia
Posicion 6: n=0|ListaEnlazada=vacia
Posicion 7: n=0|ListaEnlazada=vacia
Posicion 8: n=0|ListaEnlazada=vacia
Posicion 9: n=0|ListaEnlazada=vacia
Numero de telefono del contacto: Nombre del contacto: Posicion 0: n=1|ListaEnlazada=(600000000,Jose)
Posicion 1: n=1|ListaEnlazada=(600000001,Luis)
Posicion 2: n=1|ListaEnlazada=(600000002,Pedro)
Posicion 3: n=1|ListaEnlazada=(600000003,Juan)
Posicion 4: n=0|ListaEnlazada=vacia
Posicion 5: n=0|ListaEnlazada=vacia
Posicion 6: n=0|ListaEnlazada=vacia
Posicion 7: n=0|ListaEnlazada=vacia
Posicion 8: n=0|ListaEnlazada=vacia
Posicion 9: n=0|ListaEnlazada=vacia
Numero de telefono del contacto: Nombre del contacto: Posicion 0: n=1|ListaEnlazada=(600000000,Jose)
Posicion 1: n=1|ListaEnlazada=(600000001,Luis)
Posicion 2: n=1|ListaEnlazada=(600000002,Pedro)
Posicion 3: n=1|ListaEnlazada=(600000003,Juan)
Posicion 4: n=1|ListaEnlazada=(600000004,Maria)
Posicion 5: n=0|ListaEnlazada=vacia
Posicion 6: n=0|ListaEnlazada=vacia
Posicion 7: n=0|ListaEnlazada=vacia
Posicion 8: n=0|ListaEnlazada=vacia
Posicion 9: n=0|ListaEnlazada=vacia
Numero de telefono del contacto: Nombre del contacto: Posicion 0: n=1|ListaEnlazada=(600000000,Jose)
Posicion 1: n=1|ListaEnlazada=(600000001,Luis)
Posicion 2: n=1|ListaEnlazada=(600000002,Pedro)
Posicion 3: n=1|ListaEnlazada=(600000003,Juan)
Posicion 4: n=1|ListaEnlazada=(600000004,Maria)
Posicion 5: n=1|ListaEnlazada=(600000005,Luisa)
Posicion 6: n=0|ListaEnlazada=vacia
Posicion 7: n=0|ListaEnlazada=vacia
Posicion 8: n=0|ListaEnlazada=vacia
Posicion 9: n=0|ListaEnlazada=vacia
Numero de telefono del contacto: Nombre del contacto: Posicion 0: n=1|ListaEnlazada=(600000000,Jose)
Posicion 1: n=1|ListaEnlazada=(600000001,Luis)
Posicion 2: n=1|ListaEnlazada=(600000002,Pedro)
Posicion 3: n=1|ListaEnlazada=(600000003,Juan)
Posicion 4: n=1|ListaEnlazada=(600000004,Maria)
Posicion 5: n=1|ListaEnlazada=(600000005,Luisa)
Posicion 6: n=1|ListaEnlazada=(600000006,Carlos)
Posicion 7: n=0|ListaEnlazada=vacia
Posicion 8: n=0|ListaEnlazada=vacia
Posicion 9: n=0|ListaEnlazada=vacia
Numero de telefono del contacto: Nombre del contacto: Posicion 0: n=1|ListaEnlazada=(600000000,Jose)
Posicion 1: n=1|ListaEnlazada=(600000001,Luis)
Posicion 2: n=1|ListaEnlazada=(600000002,Pedro)
Posicion 3: n=1|ListaEnlazada=(600000003,Juan)
Posicion 4: n=1|ListaEnlazada=(600000004,Maria)
Posicion 5: n=1|ListaEnlazada=(600000005,Luisa)
Posicion 6: n=1|ListaEnlazada=(600000006,Carlos)
Posicion 7: n=1|ListaEnlazada=(600000007,Miguel)
Posicion 8: n=0|ListaEnlazada=vacia
Posicion 9: n=0|ListaEnlazada=vacia
Numero de telefono del contacto: Nombre del contacto: Posicion 0: n=1|ListaEnlazada=(600000000,Jose)
Posicion 1: n=1|ListaEnlazada=(600000001,Luis)
Posicion 2: n=1|ListaEnlazada=(600000002,Pedro)
Posicion 3: n=1|ListaEnlazada=(600000003,Juan)
Posicion 4: n=1|ListaEnlazada=(600000004,Maria)
Posicion 5: n=1|ListaEnlazada=(600000005,Luisa)
Posicion 6: n=1|ListaEnlazada=(600000006,Carlos)
Posicion 7: n=1|ListaEnlazada=(600000007,Miguel)
Posicion 8: n=1|ListaEnlazada=(600000008,Elena)
Posicion 9: n=0|ListaEnlazada=vacia
Numero de telefono del contacto: Nombre del contacto: Posicion 0: n=1|ListaEnlazada=(600000000,Jose)
Posicion 1: n=1|ListaEnlazada=(600000001,Luis)
Posicion 2: n=1|ListaEnlazada=(600000002,Pedro)
Posicion 3: n=1|ListaEnlazada=(600000003,Juan)
Posicion 4: n=1|ListaEnlazada=(600000004,Maria)
Posicion 5: n=1|ListaEnlazada=(600000005,Luisa)
Posicion 6: n=1|ListaEnlazada=(600000006,Carlos)
Posicion 7: n=1|ListaEnlazada=(600000007,Miguel)
Posicion 8: n=1|ListaEnlazada=(600000008,Elena)
Posicion 9: n=1|ListaEnlazada=(600000009,Isabel)
Numero de telefono del contacto: Nombre: Isabel
Numero de telefono del contacto: Nombre: Elena
Numero de telefono del contacto: Nombre: Miguel
Numero de telefono del contacto: Nombre: Carlos
Numero de telefono del contacto: Nombre: Luisa
Numero de telefono del contacto: Nombre: Maria
Numero de telefono del contacto: Nombre: Juan
Numero de telefono del contacto: Nombre: Pedro
Numero de telefono del contacto: Nombre: Luis
Numero de telefono del contacto: Nombre: Jose
Numero de telefono del contacto: Numero de telefono del contacto El contacto NO esta
Posicion 0: n=1|ListaEnlazada=(600000000,Jose)
Posicion 1: n=1|ListaEnlazada=(600000001,Luis)
Posicion 2: n=1|ListaEnlazada=(600000002,Pedro)
Posicion 3: n=1|ListaEnlazada=(600000003,Juan)
Posicion 4: n=1|ListaEnlazada=(600000004,Maria)
Posicion 5: n=1|ListaEnlazada=(600000005,Luisa)
Posicion 6: n=1|ListaEnlazada=(600000006,Carlos)
Posicion 7: n=1|ListaEnlazada=(600000007,Miguel)
Posicion 8: n=1|ListaEnlazada=(600000008,Elena)
Posicion 9: n=0|ListaEnlazada=vacia
Numero de telefono del contacto El contacto SI esta
Numero de telefono del contacto: Numero de telefono del contacto El contacto NO esta
Posicion 0: n=1|ListaEnlazada=(600000000,Jose)
Posicion 1: n=1|ListaEnlazada=(600000001,Luis)
Posicion 2: n=1|ListaEnlazada=(600000002,Pedro)
Posicion 3: n=1|ListaEnlazada=(600000003,Juan)
Posicion 4: n=1|ListaEnlazada=(600000004,Maria)
Posicion 5: n=1|ListaEnlazada=(600000005,Luisa)
Posicion 6: n=1|ListaEnlazada=(600000006,Carlos)
Posicion 7: n=1|ListaEnlazada=(600000007,Miguel)
Posicion 8: n=0|ListaEnlazada=vacia
Posicion 9: n=0|ListaEnlazada=vacia
Numero de telefono del contacto El contacto SI esta
Numero de telefono del contacto: Numero de telefono del contacto El contacto NO esta
Posicion 0: n=1|ListaEnlazada=(600000000,Jose)
Posicion 1: n=1|ListaEnlazada=(600000001,Luis)
Posicion 2: n=1|ListaEnlazada=(600000002,Pedro)
Posicion 3: n=1|ListaEnlazada=(600000003,Juan)
Posicion 4: n=1|ListaEnlazada=(600000004,Maria)
Posicion 5: n=1|ListaEnlazada=(600000005,Luisa)
Posicion 6: n=1|ListaEnlazada=(600000006,Carlos)
Posicion 7: n=0|ListaEnlazada=vacia
Posicion 8: n=0|ListaEnlazada=vacia
Posicion 9: n=0|ListaEnlazada=vacia
Numero de telefono del contacto El contacto SI esta
Numero de telefono del contacto: Numero de telefono del contacto El contacto NO esta
Posicion 0: n=1|ListaEnlazada=(600000000,Jose)
Posicion 1: n=1|ListaEnlazada=(600000001,Luis)
Posicion 2: n=1|ListaEnlazada=(600000002,Pedro)
Posicion 3: n=1|ListaEnlazada=(600000003,Juan)
Posicion 4: n=1|ListaEnlazada=(600000004,Maria)
Posicion 5: n=1|ListaEnlazada=(600000005,Luisa)
Posicion 6: n=0|ListaEnlazada=vacia
Posicion 7: n=0|ListaEnlazada=vacia
Posicion 8: n=0|ListaEnlazada=vacia
Posicion 9: n=0|ListaEnlazada=vacia
Numero de telefono del contacto El contacto SI esta
Numero de telefono del contacto: Numero de telefono del contacto El contacto NO esta
Posicion 0: n=1|ListaEnlazada=(600000000,Jose)
Posicion 1: n=1|ListaEnlazada=(600000001,Luis)
Posicion 2: n=1|ListaEnlazada=(600000002,Pedro)
Posicion 3: n=1|ListaEnlazada=(600000003,Juan)
Posicion 4: n=1|ListaEnlazada=(600000004,Maria)
Posicion 5: n=0|ListaEnlazada=vacia
Posicion 6: n=0|ListaEnlazada=vacia
Posicion 7: n=0|ListaEnlazada=vacia
Posicion 8: n=0|ListaEnlazada=vacia
Posicion 9: n=0|ListaEnlazada=vacia
Numero de telefono del contacto El contacto SI esta
Numero de telefono del contacto: Numero de telefono del contacto El contacto NO esta
Posicion 0: n=1|ListaEnlazada=(600000000,Jose)
Posicion 1: n=1|ListaEnlazada=(600000001,Luis)
Posicion 2: n=1|ListaEnlazada=(600000002,Pedro)
Posicion 3: n=1|ListaEnlazada=(600000003,Juan)
Posicion 4: n=0|ListaEnlazada=vacia
Posicion 5: n=0|ListaEnlazada=vacia
Posicion 6: n=0|ListaEnlazada=vacia
Posicion 7: n=0|ListaEnlazada=vacia
Posicion 8: n=0|ListaEnlazada=vacia
Posicion 9: n=0|ListaEnlazada=vacia
Numero de telefono del contacto El contacto SI esta
Numero de telefono del contacto: Numero de telefono del contacto El contacto NO esta
Posicion 0: n=1|ListaEnlazada=(600000000,Jose)
Posicion 1: n=1|ListaEnlazada=(600000001,Luis)
Posicion 2: n=1|ListaEnlazada=(600000002,Pedro)
Posicion 3: n=0|ListaEnlazada=vacia
Posicion 4: n=0|ListaEnlazada=vacia
Posicion 5: n=0|ListaEnlazada=vacia
Posicion 6: n=0|ListaEnlazada=vacia
Posicion 7: n=0|ListaEnlazada=vacia
Posicion 8: n=0|ListaEnlazada=vacia
Posicion 9: n=0|ListaEnlazada=vacia
Numero de telefono del contacto El contacto SI esta
Numero de telefono del contacto: Numero de telefono del contacto El contacto NO esta
Posicion 0: n=1|ListaEnlazada=(600000000,Jose)
Posicion 1: n=1|ListaEnlazada=(600000001,Luis)
Posicion 2: n=0|ListaEnlazada=vacia
Posicion 3: n=0|ListaEnlazada=vacia
Posicion 4: n=0|ListaEnlazada=vacia
Posicion 5: n=0|ListaEnlazada=vacia
Posicion 6: n=0|ListaEnlazada=vacia
Posicion 7: n=0|ListaEnlazada=vacia
Posicion 8: n=0|ListaEnlazada=vacia
Posicion 9: n=0|ListaEnlazada=vacia
Numero de telefono del contacto El contacto SI esta
Numero de telefono del contacto: Numero de telefono del contacto El contacto NO esta
Posicion 0: n=1|ListaEnlazada=(600000000,Jose)
Posicion 1: n=0|ListaEnlazada=vacia
Posicion 2: n=0|ListaEnlazada=vacia
Posicion 3: n=0|ListaEnlazada=vacia
Posicion 4: n=0|ListaEnlazada=vacia
Posicion 5: n=0|ListaEnlazada=vacia
Posicion 6: n=0|ListaEnlazada=vacia
Posicion 7: n=0|ListaEnlazada=vacia
Posicion 8: n=0|ListaEnlazada=vacia
Posicion 9: n=0|ListaEnlazada=vacia
Numero de telefono del contacto El contacto SI esta
Numero de telefono del contacto: Numero de telefono del contacto El contacto NO esta
Posicion 0: n=0|ListaEnlazada=vacia
Posicion 1: n=0|ListaEnlazada=vacia
Posicion 2: n=0|ListaEnlazada=vacia
Posicion 3: n=0|ListaEnlazada=vacia
Posicion 4: n=0|ListaEnlazada=vacia
Posicion 5: n=0|ListaEnlazada=vacia
Posicion 6: n=0|ListaEnlazada=vacia
Posicion 7: n=0|ListaEnlazada=vacia
Posicion 8: n=0|ListaEnlazada=vacia
Posicion 9: n=0|ListaEnlazada=vacia
